c:\users\adrii\documents\cgih_2023_1\proyecto\proyecto\debug\vc143.pdb
c:\users\adrii\documents\cgih_2023_1\proyecto\proyecto\debug\vc143.idb
c:\users\adrii\documents\cgih_2023_1\proyecto\proyecto\debug\window.obj
c:\users\adrii\documents\cgih_2023_1\proyecto\proyecto\debug\texture.obj
c:\users\adrii\documents\cgih_2023_1\proyecto\proyecto\debug\spotlight.obj
c:\users\adrii\documents\cgih_2023_1\proyecto\proyecto\debug\sphere.obj
c:\users\adrii\documents\cgih_2023_1\proyecto\proyecto\debug\skybox.obj
c:\users\adrii\documents\cgih_2023_1\proyecto\proyecto\debug\shader_light.obj
c:\users\adrii\documents\cgih_2023_1\proyecto\proyecto\debug\pointlight.obj
c:\users\adrii\documents\cgih_2023_1\proyecto\proyecto\debug\model.obj
c:\users\adrii\documents\cgih_2023_1\proyecto\proyecto\debug\mesh_tn.obj
c:\users\adrii\documents\cgih_2023_1\proyecto\proyecto\debug\material.obj
c:\users\adrii\documents\cgih_2023_1\proyecto\proyecto\debug\light.obj
c:\users\adrii\documents\cgih_2023_1\proyecto\proyecto\debug\directionallight.obj
c:\users\adrii\documents\cgih_2023_1\proyecto\proyecto\debug\camera.obj
c:\users\adrii\documents\cgih_2023_1\proyecto\proyecto\debug\animacion20231.obj
c:\users\adrii\documents\cgih_2023_1\proyecto\proyecto\debug\proyecto.ilk
c:\users\adrii\documents\cgih_2023_1\proyecto\debug\proyecto.exe
c:\users\adrii\documents\cgih_2023_1\proyecto\debug\proyecto.pdb
c:\users\adrii\documents\cgih_2023_1\proyecto\proyecto\debug\proyecto.tlog\cl.command.1.tlog
c:\users\adrii\documents\cgih_2023_1\proyecto\proyecto\debug\proyecto.tlog\cl.read.1.tlog
c:\users\adrii\documents\cgih_2023_1\proyecto\proyecto\debug\proyecto.tlog\cl.write.1.tlog
c:\users\adrii\documents\cgih_2023_1\proyecto\proyecto\debug\proyecto.tlog\link.command.1.tlog
c:\users\adrii\documents\cgih_2023_1\proyecto\proyecto\debug\proyecto.tlog\link.read.1.tlog
c:\users\adrii\documents\cgih_2023_1\proyecto\proyecto\debug\proyecto.tlog\link.write.1.tlog
